2024-08-07 12:16:34 INFO  TC001_AccountRegistrationTest:17 - *** Starting TC001_AccountRegistrationTest ***
2024-08-07 12:16:34 INFO  TC001_AccountRegistrationTest:22 - Clicked on MyAccount Link
2024-08-07 12:16:35 INFO  TC001_AccountRegistrationTest:25 - Clicked on Register Link
2024-08-07 12:16:35 INFO  TC001_AccountRegistrationTest:29 - Providing customer details...
2024-08-07 12:16:36 INFO  TC001_AccountRegistrationTest:42 - Validating expected message..
2024-08-07 12:16:36 INFO  TC001_AccountRegistrationTest:55 - *** Finished TC001_AccountRegistrationTest ***
2024-08-07 12:16:40 INFO  TC002_LoginTest:15 - *** Starting TC002_LoginTest ***
2024-08-07 12:16:42 INFO  TC002_LoginTest:37 - *** Finished TC002_LoginTest ***
2024-08-07 12:21:53 INFO  TC001_AccountRegistrationTest:17 - *** Starting TC001_AccountRegistrationTest ***
2024-08-07 12:21:53 INFO  TC001_AccountRegistrationTest:22 - Clicked on MyAccount Link
2024-08-07 12:21:54 INFO  TC001_AccountRegistrationTest:25 - Clicked on Register Link
2024-08-07 12:21:54 INFO  TC001_AccountRegistrationTest:29 - Providing customer details...
2024-08-07 12:21:55 INFO  TC001_AccountRegistrationTest:42 - Validating expected message..
2024-08-07 12:21:55 INFO  TC001_AccountRegistrationTest:55 - *** Finished TC001_AccountRegistrationTest ***
2024-08-07 12:21:59 INFO  TC002_LoginTest:15 - *** Starting TC002_LoginTest ***
2024-08-07 12:22:01 INFO  TC002_LoginTest:37 - *** Finished TC002_LoginTest ***
2024-08-07 12:22:06 INFO  TC001_AccountRegistrationTest:17 - *** Starting TC001_AccountRegistrationTest ***
2024-08-07 12:22:06 INFO  TC001_AccountRegistrationTest:22 - Clicked on MyAccount Link
2024-08-07 12:22:07 INFO  TC001_AccountRegistrationTest:25 - Clicked on Register Link
2024-08-07 12:22:07 INFO  TC001_AccountRegistrationTest:29 - Providing customer details...
2024-08-07 12:22:09 INFO  TC001_AccountRegistrationTest:42 - Validating expected message..
2024-08-07 12:22:09 INFO  TC001_AccountRegistrationTest:55 - *** Finished TC001_AccountRegistrationTest ***
2024-08-07 12:22:13 INFO  TC002_LoginTest:15 - *** Starting TC002_LoginTest ***
2024-08-07 12:22:15 INFO  TC002_LoginTest:37 - *** Finished TC002_LoginTest ***
2024-08-07 12:32:40 INFO  TC001_AccountRegistrationTest:17 - *** Starting TC001_AccountRegistrationTest ***
2024-08-07 12:32:40 INFO  TC001_AccountRegistrationTest:22 - Clicked on MyAccount Link
2024-08-07 12:32:41 INFO  TC001_AccountRegistrationTest:25 - Clicked on Register Link
2024-08-07 12:32:41 INFO  TC001_AccountRegistrationTest:29 - Providing customer details...
2024-08-07 12:32:42 INFO  TC001_AccountRegistrationTest:42 - Validating expected message..
2024-08-07 12:32:42 INFO  TC001_AccountRegistrationTest:55 - *** Finished TC001_AccountRegistrationTest ***
2024-08-07 12:32:46 INFO  TC002_LoginTest:15 - *** Starting TC002_LoginTest ***
2024-08-07 12:32:48 INFO  TC002_LoginTest:37 - *** Finished TC002_LoginTest ***
2024-08-07 12:32:53 INFO  TC001_AccountRegistrationTest:17 - *** Starting TC001_AccountRegistrationTest ***
2024-08-07 12:32:53 INFO  TC001_AccountRegistrationTest:22 - Clicked on MyAccount Link
2024-08-07 12:32:54 INFO  TC001_AccountRegistrationTest:25 - Clicked on Register Link
2024-08-07 12:32:54 INFO  TC001_AccountRegistrationTest:29 - Providing customer details...
2024-08-07 12:32:56 INFO  TC001_AccountRegistrationTest:42 - Validating expected message..
2024-08-07 12:32:56 INFO  TC001_AccountRegistrationTest:55 - *** Finished TC001_AccountRegistrationTest ***
2024-08-07 12:33:00 INFO  TC002_LoginTest:15 - *** Starting TC002_LoginTest ***
2024-08-07 12:33:02 INFO  TC002_LoginTest:37 - *** Finished TC002_LoginTest ***
